
> rplus-fe@0.0.1 start /home/eugenu/rplus-fe
> tsc && concurrently "tsc -w" "lite-server" 

[1] Did not detect a `bs-config.json` or `bs-config.js` override file. Using lite-server defaults...
[1] ** browser-sync config **
[1] { injectChanges: false,
[1]   files: [ './**/*.{html,htm,css,js}' ],
[1]   watchOptions: { ignored: 'node_modules' },
[1]   server: { baseDir: './', middleware: [ [Function], [Function] ] } }
[1] [BS] Access URLs:
[1]  ------------------------------------
[1]        Local: http://localhost:3000
[1]     External: http://192.168.5.1:3000
[1]  ------------------------------------
[1]           UI: http://localhost:3001
[1]  UI External: http://192.168.5.1:3001
[1]  ------------------------------------
[1] [BS] Serving files from: ./
[1] [BS] Watching files...
[1] [90m17.02.02 23:14:16[0m [32m200[0m [35mGET[0m [90m/index.html[0m
[1] [BS] File changed: app/class/config.js
[1] [BS] File changed: app/service/config.service.js
[1] [BS] File changed: app/class/geoPoint.js
[1] [BS] File changed: app/class/offer.js
[1] [BS] File changed: app/class/account.js
[1] [BS] File changed: app/service/account.service.js
[1] [BS] File changed: app/class/user.js
[1] [BS] File changed: app/service/session.service.js
[1] [BS] File changed: app/service/user.service.js
[1] [BS] File changed: app/admin-page.component.js
[1] [BS] File changed: app/service/hub.service.js
[1] [BS] File changed: app/class/request.js
[1] [BS] File changed: app/service/request.service.js
[1] [BS] File changed: app/class/person.js
[1] [BS] File changed: app/service/person.service.js
[1] [BS] File changed: app/service/offer.service.js
[1] [BS] File changed: app/class/organisation.js
[1] [BS] File changed: app/service/organisation.service.js
[1] [BS] File changed: app/class/task.js
[1] [BS] File changed: app/service/task.service.js
[1] [BS] File changed: app/service/analysis.service.js
[1] [BS] File changed: app/class/historyRecord.js
[1] [BS] File changed: app/service/history.service.js
[1] [BS] File changed: app/class/photo.js
[1] [BS] File changed: app/service/photo.service.js
[1] [BS] File changed: app/app.component.js
[1] [BS] File changed: app/component/context-menu.component.js
[1] [BS] File changed: app/component/notebook/almanac.component.js
[1] [BS] File changed: app/component/notebook/notebook-task.component.js
[1] [BS] File changed: app/component/notebook.component.js
[1] [BS] File changed: app/class/tab.js
[1] [BS] File changed: app/component/tab-system.component.js
[1] [BS] File changed: app/component/tab/tab-root.component.js
[1] [BS] File changed: app/component/tab/tab-main.component.js
[1] [BS] File changed: app/component/tab/tab-list-offer.component.js
[1] [90m17.02.02 23:14:20[0m [36m304[0m [35mGET[0m [90m/index.html[0m
[1] [BS] File changed: app/component/tab/tab-offer.component.js
[1] [BS] File changed: app/component/tab/tab-list-person.component.js
[1] [BS] File changed: app/component/tab/tab-person.component.js
[1] [BS] File changed: app/component/tab/tab-list-organisation.component.js
[1] [90m17.02.02 23:14:20[0m [36m304[0m [35mGET[0m [90m/style.css[0m
[1] [90m17.02.02 23:14:20[0m [36m304[0m [35mGET[0m [90m/css/common_classes.css[0m
[1] [BS] File changed: app/component/tab/tab-organisation.component.js
[1] [BS] File changed: app/component/tab/tab-list-request.component.js
[1] [BS] File changed: app/component/tab/tab-request.component.js
[1] [BS] File changed: app/component/tab/tab-list-user.component.js
[1] [90m17.02.02 23:14:20[0m [36m304[0m [35mGET[0m [90m/node_modules/core-js/client/shim.min.js[0m
[1] [90m17.02.02 23:14:20[0m [36m304[0m [35mGET[0m [90m/css/icons.css[0m
[1] [90m17.02.02 23:14:20[0m [36m304[0m [35mGET[0m [90m/css/fonts.css[0m
[1] [90m17.02.02 23:14:20[0m [36m304[0m [35mGET[0m [90m/css/common_colors.css[0m
[1] [90m17.02.02 23:14:20[0m [36m304[0m [35mGET[0m [90m/css/tag_colors.css[0m
[1] [BS] File changed: app/pipe/format-date.pipe.js
[1] [BS] File changed: app/component/tab/tab-user.component.js
[1] [BS] File changed: app/component/ui/ui-select.component.js
[1] [BS] File changed: app/component/offer-table.component.js
[1] [BS] File changed: app/component/digest/digest-offer.component.js
[1] [BS] File changed: app/class/concavehull.js
[1] [BS] File changed: app/component/google-map.component.js
[1] [90m17.02.02 23:14:20[0m [36m304[0m [35mGET[0m [90m/node_modules/zone.js/dist/zone.js[0m
[1] [90m17.02.02 23:14:20[0m [36m304[0m [35mGET[0m [90m/node_modules/reflect-metadata/Reflect.js[0m
[1] [90m17.02.02 23:14:20[0m [36m304[0m [35mGET[0m [90m/node_modules/systemjs/dist/system.src.js[0m
[1] [90m17.02.02 23:14:20[0m [36m304[0m [35mGET[0m [90m/systemjs.config.js[0m
[1] [90m17.02.02 23:14:20[0m [36m304[0m [35mGET[0m [90m/node_modules/moment/min/moment.min.js[0m
[0] 11:14:20 PM - Compilation complete. Watching for file changes.
[1] [BS] File changed: app/component/ui/ui-tab.component.js
[1] [BS] File changed: app/component/ui/ui-tabs.component.js
[1] [BS] File changed: app/component/digest/digest-history.component.js
[1] [BS] File changed: app/component/digest/digest-user.component.js
[1] [BS] File changed: app/component/digest/digest-organisation.component.js
[1] [BS] File changed: app/component/digest/digest-request.component.js
[1] [BS] File changed: app/component/ui/ui-line-chart.component.js
[1] [BS] File changed: app/component/ui/ui-bar-chart.component.js
[1] [BS] File changed: app/component/ui/ui-pie-chart.component.js
[1] [BS] File changed: app/component/ui/ui-carousel.component.js
[1] [BS] File changed: app/component/ui/ui-tag-block.component.js
[1] [BS] File changed: app/component/digest/digest-person.component.js
[1] [BS] File changed: app/component/ui/ui-tag.component.js
[1] [BS] File changed: app/component/ui/ui-view-value.js
[1] [BS] File changed: app/component/ui/off-click.js
[1] [BS] File changed: app/login-screen.component.js
[1] [BS] File changed: app/main.component.js
[1] [BS] File changed: app/app.module.js
[1] [BS] File changed: app/component/ui/chart/ui-chart.js
[1] [BS] File changed: app/main.js
[1] [90m17.02.02 23:14:21[0m [32m200[0m [35mGET[0m [90m/app/main.js[0m
[1] [90m17.02.02 23:14:21[0m [36m304[0m [35mGET[0m [90m/node_modules/@angular/platform-browser-dynamic/bundles/platform-browser-dynamic.umd.js[0m
[1] [90m17.02.02 23:14:21[0m [32m200[0m [35mGET[0m [90m/app/app.module.js[0m
[1] [90m17.02.02 23:14:21[0m [36m304[0m [35mGET[0m [90m/node_modules/@angular/compiler/bundles/compiler.umd.js[0m
[1] [90m17.02.02 23:14:21[0m [36m304[0m [35mGET[0m [90m/node_modules/@angular/core/bundles/core.umd.js[0m
[1] [90m17.02.02 23:14:21[0m [36m304[0m [35mGET[0m [90m/node_modules/@angular/platform-browser/bundles/platform-browser.umd.js[0m
[1] [90m17.02.02 23:14:21[0m [36m304[0m [35mGET[0m [90m/node_modules/@angular/forms/bundles/forms.umd.js[0m
[1] [90m17.02.02 23:14:21[0m [36m304[0m [35mGET[0m [90m/node_modules/@angular/http/bundles/http.umd.js[0m
[1] [90m17.02.02 23:14:21[0m [36m304[0m [35mGET[0m [90m/node_modules/@angular/router/bundles/router.umd.js[0m
[1] [90m17.02.02 23:14:21[0m [32m200[0m [35mGET[0m [90m/app/app.component.js[0m
[1] [90m17.02.02 23:14:21[0m [32m200[0m [35mGET[0m [90m/app/component/context-menu.component.js[0m
[1] [90m17.02.02 23:14:21[0m [32m200[0m [35mGET[0m [90m/app/component/notebook.component.js[0m
[1] [90m17.02.02 23:14:21[0m [32m200[0m [35mGET[0m [90m/app/component/notebook/notebook-task.component.js[0m
[1] [90m17.02.02 23:14:21[0m [32m200[0m [35mGET[0m [90m/app/component/notebook/almanac.component.js[0m
[1] [90m17.02.02 23:14:21[0m [32m200[0m [35mGET[0m [90m/app/component/tab-system.component.js[0m
[1] [90m17.02.02 23:14:21[0m [32m200[0m [35mGET[0m [90m/app/component/tab/tab-root.component.js[0m
[1] [90m17.02.02 23:14:21[0m [32m200[0m [35mGET[0m [90m/app/component/tab/tab-main.component.js[0m
[1] [90m17.02.02 23:14:21[0m [32m200[0m [35mGET[0m [90m/app/component/tab/tab-list-offer.component.js[0m
[1] [90m17.02.02 23:14:21[0m [32m200[0m [35mGET[0m [90m/app/component/tab/tab-offer.component.js[0m
[1] [90m17.02.02 23:14:21[0m [32m200[0m [35mGET[0m [90m/app/component/tab/tab-list-person.component.js[0m
[1] [90m17.02.02 23:14:21[0m [32m200[0m [35mGET[0m [90m/app/component/tab/tab-list-organisation.component.js[0m
[1] [90m17.02.02 23:14:21[0m [32m200[0m [35mGET[0m [90m/app/component/tab/tab-person.component.js[0m
[1] [90m17.02.02 23:14:21[0m [32m200[0m [35mGET[0m [90m/app/component/tab/tab-organisation.component.js[0m
[1] [90m17.02.02 23:14:21[0m [32m200[0m [35mGET[0m [90m/app/component/tab/tab-list-request.component.js[0m
[1] [90m17.02.02 23:14:21[0m [32m200[0m [35mGET[0m [90m/app/component/tab/tab-request.component.js[0m
[1] [90m17.02.02 23:14:21[0m [32m200[0m [35mGET[0m [90m/app/component/tab/tab-list-user.component.js[0m
[1] [90m17.02.02 23:14:21[0m [32m200[0m [35mGET[0m [90m/app/component/tab/tab-user.component.js[0m
[1] [90m17.02.02 23:14:21[0m [32m200[0m [35mGET[0m [90m/app/component/ui/ui-select.component.js[0m
[1] [90m17.02.02 23:14:21[0m [32m200[0m [35mGET[0m [90m/app/component/offer-table.component.js[0m
[1] [90m17.02.02 23:14:21[0m [32m200[0m [35mGET[0m [90m/app/component/digest/digest-offer.component.js[0m
[1] [90m17.02.02 23:14:21[0m [32m200[0m [35mGET[0m [90m/app/component/google-map.component.js[0m
[1] [90m17.02.02 23:14:21[0m [32m200[0m [35mGET[0m [90m/app/component/ui/ui-tabs.component.js[0m
[1] [90m17.02.02 23:14:21[0m [32m200[0m [35mGET[0m [90m/app/component/ui/ui-tab.component.js[0m
[1] [90m17.02.02 23:14:21[0m [32m200[0m [35mGET[0m [90m/app/component/digest/digest-history.component.js[0m
[1] [90m17.02.02 23:14:21[0m [32m200[0m [35mGET[0m [90m/app/component/digest/digest-organisation.component.js[0m
[1] [90m17.02.02 23:14:21[0m [32m200[0m [35mGET[0m [90m/app/component/digest/digest-user.component.js[0m
[1] [90m17.02.02 23:14:21[0m [32m200[0m [35mGET[0m [90m/app/component/digest/digest-request.component.js[0m
[1] [90m17.02.02 23:14:21[0m [32m200[0m [35mGET[0m [90m/app/component/ui/ui-line-chart.component.js[0m
[1] [90m17.02.02 23:14:21[0m [32m200[0m [35mGET[0m [90m/app/component/ui/ui-bar-chart.component.js[0m
[1] [90m17.02.02 23:14:21[0m [32m200[0m [35mGET[0m [90m/app/component/ui/ui-pie-chart.component.js[0m
[1] [90m17.02.02 23:14:21[0m [32m200[0m [35mGET[0m [90m/app/component/ui/ui-carousel.component.js[0m
[1] [90m17.02.02 23:14:21[0m [32m200[0m [35mGET[0m [90m/app/component/ui/ui-tag-block.component.js[0m
[1] [90m17.02.02 23:14:21[0m [32m200[0m [35mGET[0m [90m/app/component/digest/digest-person.component.js[0m
[1] [90m17.02.02 23:14:21[0m [32m200[0m [35mGET[0m [90m/app/pipe/format-date.pipe.js[0m
[1] [90m17.02.02 23:14:21[0m [32m200[0m [35mGET[0m [90m/app/component/ui/ui-tag.component.js[0m
[1] [90m17.02.02 23:14:21[0m [32m200[0m [35mGET[0m [90m/app/component/ui/ui-view-value.js[0m
[1] [90m17.02.02 23:14:21[0m [32m200[0m [35mGET[0m [90m/app/component/ui/off-click.js[0m
[1] [90m17.02.02 23:14:21[0m [32m200[0m [35mGET[0m [90m/app/login-screen.component.js[0m
[1] [90m17.02.02 23:14:21[0m [32m200[0m [35mGET[0m [90m/app/admin-page.component.js[0m
[1] [90m17.02.02 23:14:21[0m [32m200[0m [35mGET[0m [90m/app/main.component.js[0m
[1] [90m17.02.02 23:14:21[0m [36m304[0m [35mGET[0m [90m/node_modules/@angular/common/bundles/common.umd.js[0m
[1] [90m17.02.02 23:14:21[0m [36m304[0m [35mGET[0m [90m/node_modules/rxjs/Subject.js[0m
[1] [90m17.02.02 23:14:21[0m [36m304[0m [35mGET[0m [90m/node_modules/rxjs/Observable.js[0m
[1] [90m17.02.02 23:14:21[0m [36m304[0m [35mGET[0m [90m/node_modules/rxjs/operator/toPromise.js[0m
[1] [90m17.02.02 23:14:21[0m [36m304[0m [35mGET[0m [90m/node_modules/rxjs/observable/fromPromise.js[0m
[1] [90m17.02.02 23:14:21[0m [36m304[0m [35mGET[0m [90m/node_modules/rxjs/BehaviorSubject.js[0m
[1] [90m17.02.02 23:14:21[0m [36m304[0m [35mGET[0m [90m/node_modules/rxjs/observable/from.js[0m
[1] [90m17.02.02 23:14:21[0m [36m304[0m [35mGET[0m [90m/node_modules/rxjs/observable/of.js[0m
[1] [90m17.02.02 23:14:21[0m [36m304[0m [35mGET[0m [90m/node_modules/rxjs/operator/concatMap.js[0m
[1] [90m17.02.02 23:14:21[0m [36m304[0m [35mGET[0m [90m/node_modules/rxjs/operator/every.js[0m
[1] [90m17.02.02 23:14:21[0m [36m304[0m [35mGET[0m [90m/node_modules/rxjs/operator/first.js[0m
[1] [90m17.02.02 23:14:21[0m [36m304[0m [35mGET[0m [90m/node_modules/rxjs/operator/map.js[0m
[1] [90m17.02.02 23:14:21[0m [36m304[0m [35mGET[0m [90m/node_modules/rxjs/operator/mergeMap.js[0m
[1] [90m17.02.02 23:14:21[0m [36m304[0m [35mGET[0m [90m/node_modules/rxjs/operator/reduce.js[0m
[1] [90m17.02.02 23:14:21[0m [36m304[0m [35mGET[0m [90m/node_modules/rxjs/operator/catch.js[0m
[1] [90m17.02.02 23:14:21[0m [36m304[0m [35mGET[0m [90m/node_modules/rxjs/operator/concatAll.js[0m
[1] [90m17.02.02 23:14:21[0m [36m304[0m [35mGET[0m [90m/node_modules/rxjs/util/EmptyError.js[0m
[1] [90m17.02.02 23:14:21[0m [36m304[0m [35mGET[0m [90m/node_modules/rxjs/operator/last.js[0m
[1] [90m17.02.02 23:14:21[0m [36m304[0m [35mGET[0m [90m/node_modules/rxjs/operator/mergeAll.js[0m
[1] [90m17.02.02 23:14:21[0m [36m304[0m [35mGET[0m [90m/node_modules/rxjs/operator/filter.js[0m
[1] [90m17.02.02 23:14:21[0m [32m200[0m [35mGET[0m [90m/app/service/hub.service.js[0m
[1] [90m17.02.02 23:14:21[0m [32m200[0m [35mGET[0m [90m/app/service/request.service.js[0m
[1] [90m17.02.02 23:14:21[0m [32m200[0m [35mGET[0m [90m/app/service/config.service.js[0m
[1] [90m17.02.02 23:14:21[0m [32m200[0m [35mGET[0m [90m/app/service/user.service.js[0m
[1] [90m17.02.02 23:14:21[0m [32m200[0m [35mGET[0m [90m/app/service/person.service.js[0m
[1] [90m17.02.02 23:14:21[0m [32m200[0m [35mGET[0m [90m/app/service/offer.service.js[0m
[1] [90m17.02.02 23:14:21[0m [32m200[0m [35mGET[0m [90m/app/service/organisation.service.js[0m
[1] [90m17.02.02 23:14:21[0m [32m200[0m [35mGET[0m [90m/app/service/task.service.js[0m
[1] [90m17.02.02 23:14:21[0m [32m200[0m [35mGET[0m [90m/app/service/analysis.service.js[0m
[1] [90m17.02.02 23:14:21[0m [32m200[0m [35mGET[0m [90m/app/service/history.service.js[0m
[1] [90m17.02.02 23:14:21[0m [32m200[0m [35mGET[0m [90m/app/service/photo.service.js[0m
[1] [90m17.02.02 23:14:21[0m [32m200[0m [35mGET[0m [90m/app/service/account.service.js[0m
[1] [90m17.02.02 23:14:21[0m [32m200[0m [35mGET[0m [90m/app/service/session.service.js[0m
[1] [90m17.02.02 23:14:21[0m [32m200[0m [35mGET[0m [90m/app/class/tab.js[0m
[1] [90m17.02.02 23:14:21[0m [32m200[0m [35mGET[0m [90m/app/class/offer.js[0m
[1] [90m17.02.02 23:14:21[0m [32m200[0m [35mGET[0m [90m/app/class/person.js[0m
[1] [90m17.02.02 23:14:21[0m [32m200[0m [35mGET[0m [90m/app/class/request.js[0m
[1] [90m17.02.02 23:14:21[0m [32m200[0m [35mGET[0m [90m/app/class/organisation.js[0m
[1] [90m17.02.02 23:14:21[0m [36m304[0m [35mGET[0m [90m/node_modules/moment/moment.js[0m
[1] [90m17.02.02 23:14:21[0m [32m200[0m [35mGET[0m [90m/app/class/user.js[0m
[1] [90m17.02.02 23:14:21[0m [32m200[0m [35mGET[0m [90m/app/class/concavehull.js[0m
[1] [90m17.02.02 23:14:21[0m [32m200[0m [35mGET[0m [90m/app/class/task.js[0m
[1] [90m17.02.02 23:14:21[0m [32m200[0m [35mGET[0m [90m/app/class/account.js[0m
[1] [90m17.02.02 23:14:21[0m [36m304[0m [35mGET[0m [90m/node_modules/rxjs/Subscriber.js[0m
[1] [90m17.02.02 23:14:21[0m [36m304[0m [35mGET[0m [90m/node_modules/rxjs/Subscription.js[0m
[1] [90m17.02.02 23:14:21[0m [36m304[0m [35mGET[0m [90m/node_modules/rxjs/util/ObjectUnsubscribedError.js[0m
[1] [90m17.02.02 23:14:21[0m [36m304[0m [35mGET[0m [90m/node_modules/rxjs/SubjectSubscription.js[0m
[1] [90m17.02.02 23:14:21[0m [36m304[0m [35mGET[0m [90m/node_modules/rxjs/symbol/rxSubscriber.js[0m
[1] [90m17.02.02 23:14:21[0m [36m304[0m [35mGET[0m [90m/node_modules/rxjs/util/root.js[0m
[1] [90m17.02.02 23:14:21[0m [36m304[0m [35mGET[0m [90m/node_modules/rxjs/util/toSubscriber.js[0m
[1] [90m17.02.02 23:14:21[0m [36m304[0m [35mGET[0m [90m/node_modules/rxjs/symbol/observable.js[0m
[1] [90m17.02.02 23:14:21[0m [36m304[0m [35mGET[0m [90m/node_modules/rxjs/observable/PromiseObservable.js[0m
[1] [90m17.02.02 23:14:21[0m [36m304[0m [35mGET[0m [90m/node_modules/rxjs/observable/FromObservable.js[0m
[1] [90m17.02.02 23:14:21[0m [36m304[0m [35mGET[0m [90m/node_modules/rxjs/observable/ArrayObservable.js[0m
[1] [90m17.02.02 23:14:21[0m [36m304[0m [35mGET[0m [90m/node_modules/rxjs/util/subscribeToResult.js[0m
[1] [90m17.02.02 23:14:21[0m [36m304[0m [35mGET[0m [90m/node_modules/rxjs/OuterSubscriber.js[0m
[1] [90m17.02.02 23:14:21[0m [36m304[0m [35mGET[0m [90m/node_modules/rxjs/AsyncSubject.js[0m
[1] [90m17.02.02 23:14:21[0m [36m304[0m [35mGET[0m [90m/node_modules/rxjs/add/operator/map.js[0m
[1] [90m17.02.02 23:14:21[0m [36m304[0m [35mGET[0m [90m/node_modules/rxjs/util/isFunction.js[0m
[1] [90m17.02.02 23:14:21[0m [36m304[0m [35mGET[0m [90m/node_modules/rxjs/Observer.js[0m
[1] [90m17.02.02 23:14:21[0m [36m304[0m [35mGET[0m [90m/node_modules/rxjs/util/isArray.js[0m
[1] [90m17.02.02 23:14:21[0m [36m304[0m [35mGET[0m [90m/node_modules/rxjs/util/isObject.js[0m
[1] [90m17.02.02 23:14:21[0m [36m304[0m [35mGET[0m [90m/node_modules/rxjs/util/tryCatch.js[0m
[1] [90m17.02.02 23:14:21[0m [36m304[0m [35mGET[0m [90m/node_modules/rxjs/util/errorObject.js[0m
[1] [90m17.02.02 23:14:21[0m [36m304[0m [35mGET[0m [90m/node_modules/rxjs/util/UnsubscriptionError.js[0m
[1] [90m17.02.02 23:14:21[0m [36m304[0m [35mGET[0m [90m/node_modules/rxjs/util/isPromise.js[0m
[1] [90m17.02.02 23:14:21[0m [36m304[0m [35mGET[0m [90m/node_modules/rxjs/observable/IteratorObservable.js[0m
[1] [90m17.02.02 23:14:21[0m [36m304[0m [35mGET[0m [90m/node_modules/rxjs/observable/ArrayLikeObservable.js[0m
[1] [90m17.02.02 23:14:21[0m [36m304[0m [35mGET[0m [90m/node_modules/rxjs/symbol/iterator.js[0m
[1] [90m17.02.02 23:14:21[0m [36m304[0m [35mGET[0m [90m/node_modules/rxjs/operator/observeOn.js[0m
[1] [90m17.02.02 23:14:21[0m [36m304[0m [35mGET[0m [90m/node_modules/rxjs/observable/ScalarObservable.js[0m
[1] [90m17.02.02 23:14:21[0m [36m304[0m [35mGET[0m [90m/node_modules/rxjs/observable/EmptyObservable.js[0m
[1] [90m17.02.02 23:14:21[0m [36m304[0m [35mGET[0m [90m/node_modules/rxjs/util/isScheduler.js[0m
[1] [90m17.02.02 23:14:21[0m [36m304[0m [35mGET[0m [90m/node_modules/rxjs/InnerSubscriber.js[0m
[1] [90m17.02.02 23:14:21[0m [36m304[0m [35mGET[0m [90m/node_modules/rxjs/Notification.js[0m
[0] tsc -w exited with code null
[1] lite-server exited with code null

> rplus-fe@0.0.1 start /home/eugenu/rplus-fe
> tsc && concurrently "tsc -w" "lite-server" 

[1] Did not detect a `bs-config.json` or `bs-config.js` override file. Using lite-server defaults...
[1] ** browser-sync config **
[1] { injectChanges: false,
[1]   files: [ './**/*.{html,htm,css,js}' ],
[1]   watchOptions: { ignored: 'node_modules' },
[1]   server: { baseDir: './', middleware: [ [Function], [Function] ] } }
[1] [BS] Access URLs:
[1]  ------------------------------------
[1]        Local: http://localhost:3000
[1]     External: http://192.168.5.1:3000
[1]  ------------------------------------
[1]           UI: http://localhost:3001
[1]  UI External: http://192.168.5.1:3001
[1]  ------------------------------------
[1] [BS] Serving files from: ./
[1] [BS] Watching files...
[1] [90m17.02.02 23:14:55[0m [32m200[0m [35mGET[0m [90m/index.html[0m
[1] [BS] File changed: app/class/config.js
[1] [BS] File changed: app/service/config.service.js
[1] [BS] File changed: app/class/geoPoint.js
[1] [BS] File changed: app/class/offer.js
[1] [BS] File changed: app/class/account.js
[1] [BS] File changed: app/service/account.service.js
[1] [BS] File changed: app/class/user.js
[1] [BS] File changed: app/service/session.service.js
[1] [BS] File changed: app/service/user.service.js
[1] [BS] File changed: app/admin-page.component.js
[1] [BS] File changed: app/service/hub.service.js
[1] [BS] File changed: app/class/request.js
[1] [BS] File changed: app/service/request.service.js
[1] [BS] File changed: app/class/person.js
[1] [BS] File changed: app/service/person.service.js
[1] [BS] File changed: app/service/offer.service.js
[1] [BS] File changed: app/class/organisation.js
[1] [BS] File changed: app/service/organisation.service.js
[1] [BS] File changed: app/class/task.js
[1] [BS] File changed: app/service/task.service.js
[1] [BS] File changed: app/service/analysis.service.js
[1] [BS] File changed: app/class/historyRecord.js
[1] [BS] File changed: app/service/history.service.js
[1] [BS] File changed: app/class/photo.js
[1] [BS] File changed: app/service/photo.service.js
[1] [BS] File changed: app/app.component.js
[1] [BS] File changed: app/component/context-menu.component.js
[1] [BS] File changed: app/component/notebook/almanac.component.js
[1] [BS] File changed: app/component/notebook/notebook-task.component.js
[1] [BS] File changed: app/component/notebook.component.js
[1] [BS] File changed: app/class/tab.js
[1] [BS] File changed: app/component/tab-system.component.js
[1] [BS] File changed: app/component/tab/tab-root.component.js
[1] [BS] File changed: app/component/tab/tab-main.component.js
[1] [BS] File changed: app/component/tab/tab-list-offer.component.js
[1] [BS] File changed: app/component/tab/tab-offer.component.js
[1] [BS] File changed: app/component/tab/tab-list-person.component.js
[1] [BS] File changed: app/component/tab/tab-person.component.js
[1] [BS] File changed: app/component/tab/tab-list-organisation.component.js
[1] [BS] File changed: app/component/tab/tab-organisation.component.js
[1] [BS] File changed: app/component/tab/tab-list-request.component.js
[1] [BS] File changed: app/component/tab/tab-request.component.js
[1] [BS] File changed: app/component/tab/tab-list-user.component.js
[1] [BS] File changed: app/pipe/format-date.pipe.js
[1] [BS] File changed: app/component/tab/tab-user.component.js
[1] [BS] File changed: app/component/ui/ui-select.component.js
[1] [BS] File changed: app/component/offer-table.component.js
[1] [BS] File changed: app/component/digest/digest-offer.component.js
[1] [BS] File changed: app/class/concavehull.js
[1] [BS] File changed: app/component/google-map.component.js
[1] [BS] File changed: app/component/ui/ui-tab.component.js
[1] [BS] File changed: app/component/ui/ui-tabs.component.js
[1] [BS] File changed: app/component/digest/digest-history.component.js
[1] [BS] File changed: app/component/digest/digest-user.component.js
[1] [BS] File changed: app/component/digest/digest-organisation.component.js
[1] [BS] File changed: app/component/digest/digest-request.component.js
[1] [BS] File changed: app/component/ui/ui-line-chart.component.js
[1] [BS] File changed: app/component/ui/ui-bar-chart.component.js
[1] [BS] File changed: app/component/ui/ui-pie-chart.component.js
[1] [BS] File changed: app/component/ui/ui-carousel.component.js
[1] [BS] File changed: app/component/ui/ui-tag-block.component.js
[1] [BS] File changed: app/component/digest/digest-person.component.js
[1] [BS] File changed: app/component/ui/ui-tag.component.js
[1] [BS] File changed: app/component/ui/ui-view-value.js
[1] [BS] File changed: app/component/ui/off-click.js
[1] [BS] File changed: app/login-screen.component.js
[1] [BS] File changed: app/main.component.js
[0] 11:14:59 PM - Compilation complete. Watching for file changes.
[1] [BS] File changed: app/app.module.js
[1] [BS] File changed: app/component/ui/chart/ui-chart.js
[1] [BS] File changed: app/main.js
[1] [90m17.02.02 23:16:30[0m [32m200[0m [35mGET[0m [90m/index.html[0m
[1] [90m17.02.02 23:16:30[0m [32m200[0m [35mGET[0m [90m/style.css[0m
[1] [90m17.02.02 23:16:30[0m [32m200[0m [35mGET[0m [90m/css/common_classes.css[0m
[1] [90m17.02.02 23:16:30[0m [32m200[0m [35mGET[0m [90m/css/fonts.css[0m
[1] [90m17.02.02 23:16:30[0m [32m200[0m [35mGET[0m [90m/css/icons.css[0m
[1] [90m17.02.02 23:16:30[0m [32m200[0m [35mGET[0m [90m/css/common_colors.css[0m
[1] [90m17.02.02 23:16:30[0m [32m200[0m [35mGET[0m [90m/css/tag_colors.css[0m
[1] [90m17.02.02 23:16:30[0m [32m200[0m [35mGET[0m [90m/node_modules/core-js/client/shim.min.js[0m
[1] [90m17.02.02 23:16:30[0m [32m200[0m [35mGET[0m [90m/systemjs.config.js[0m
[1] [90m17.02.02 23:16:30[0m [32m200[0m [35mGET[0m [90m/node_modules/zone.js/dist/zone.js[0m
[1] [90m17.02.02 23:16:30[0m [32m200[0m [35mGET[0m [90m/node_modules/reflect-metadata/Reflect.js[0m
[1] [90m17.02.02 23:16:30[0m [32m200[0m [35mGET[0m [90m/node_modules/moment/min/moment.min.js[0m
[1] [90m17.02.02 23:16:30[0m [32m200[0m [35mGET[0m [90m/node_modules/systemjs/dist/system.src.js[0m
[1] [90m17.02.02 23:16:30[0m [32m200[0m [35mGET[0m [90m/app/main.js[0m
[1] [90m17.02.02 23:16:30[0m [32m200[0m [35mGET[0m [90m/node_modules/reflect-metadata/Reflect.js.map[0m
[1] [90m17.02.02 23:16:31[0m [32m200[0m [35mGET[0m [90m/node_modules/@angular/platform-browser-dynamic/bundles/platform-browser-dynamic.umd.js[0m
[1] [90m17.02.02 23:16:31[0m [32m200[0m [35mGET[0m [90m/app/app.module.js[0m
[1] [90m17.02.02 23:16:31[0m [33m404[0m [35mGET[0m [90m/favicon.ico[0m
[1] [90m17.02.02 23:16:32[0m [32m200[0m [35mGET[0m [90m/node_modules/core-js/client/shim.min.js.map[0m
[1] [90m17.02.02 23:16:32[0m [32m200[0m [35mGET[0m [90m/node_modules/systemjs/dist/system.src.js.map[0m
[1] [90m17.02.02 23:16:33[0m [32m200[0m [35mGET[0m [90m/node_modules/@angular/http/bundles/http.umd.js[0m
[1] [90m17.02.02 23:16:33[0m [32m200[0m [35mGET[0m [90m/app/app.component.js[0m
[1] [90m17.02.02 23:16:33[0m [32m200[0m [35mGET[0m [90m/app/component/context-menu.component.js[0m
[1] [90m17.02.02 23:16:33[0m [32m200[0m [35mGET[0m [90m/app/component/notebook.component.js[0m
[1] [90m17.02.02 23:16:33[0m [32m200[0m [35mGET[0m [90m/app/component/notebook/notebook-task.component.js[0m
[1] [90m17.02.02 23:16:34[0m [32m200[0m [35mGET[0m [90m/app/component/notebook/almanac.component.js[0m
[1] [90m17.02.02 23:16:34[0m [32m200[0m [35mGET[0m [90m/app/component/tab-system.component.js[0m
[1] [90m17.02.02 23:16:34[0m [32m200[0m [35mGET[0m [90m/app/component/tab/tab-root.component.js[0m
[1] [90m17.02.02 23:16:34[0m [32m200[0m [35mGET[0m [90m/app/component/tab/tab-main.component.js[0m
[1] [90m17.02.02 23:16:34[0m [32m200[0m [35mGET[0m [90m/app/component/tab/tab-list-offer.component.js[0m
[1] [90m17.02.02 23:16:34[0m [32m200[0m [35mGET[0m [90m/app/component/tab/tab-offer.component.js[0m
[1] [90m17.02.02 23:16:35[0m [32m200[0m [35mGET[0m [90m/node_modules/@angular/router/bundles/router.umd.js[0m
[1] [90m17.02.02 23:16:35[0m [32m200[0m [35mGET[0m [90m/app/component/tab/tab-list-person.component.js[0m
[1] [90m17.02.02 23:16:35[0m [32m200[0m [35mGET[0m [90m/app/component/tab/tab-list-organisation.component.js[0m
[1] [90m17.02.02 23:16:35[0m [32m200[0m [35mGET[0m [90m/node_modules/@angular/forms/bundles/forms.umd.js[0m
[1] [90m17.02.02 23:16:35[0m [32m200[0m [35mGET[0m [90m/app/component/tab/tab-list-request.component.js[0m
[1] [90m17.02.02 23:16:35[0m [32m200[0m [35mGET[0m [90m/app/component/tab/tab-organisation.component.js[0m
[1] [90m17.02.02 23:16:36[0m [32m200[0m [35mGET[0m [90m/app/component/tab/tab-request.component.js[0m
[1] [90m17.02.02 23:16:36[0m [32m200[0m [35mGET[0m [90m/app/component/tab/tab-list-user.component.js[0m
[1] [90m17.02.02 23:16:36[0m [32m200[0m [35mGET[0m [90m/app/component/tab/tab-user.component.js[0m
[1] [90m17.02.02 23:16:36[0m [32m200[0m [35mGET[0m [90m/app/component/ui/ui-select.component.js[0m
[1] [90m17.02.02 23:16:36[0m [32m200[0m [35mGET[0m [90m/app/component/offer-table.component.js[0m
[1] [90m17.02.02 23:16:36[0m [32m200[0m [35mGET[0m [90m/app/component/digest/digest-offer.component.js[0m
[1] [90m17.02.02 23:16:36[0m [32m200[0m [35mGET[0m [90m/app/component/google-map.component.js[0m
[1] [90m17.02.02 23:16:36[0m [32m200[0m [35mGET[0m [90m/app/component/ui/ui-tabs.component.js[0m
[1] [90m17.02.02 23:16:36[0m [32m200[0m [35mGET[0m [90m/app/component/ui/ui-tab.component.js[0m
[1] [90m17.02.02 23:16:36[0m [32m200[0m [35mGET[0m [90m/node_modules/@angular/platform-browser/bundles/platform-browser.umd.js[0m
[1] [90m17.02.02 23:16:36[0m [32m200[0m [35mGET[0m [90m/app/component/digest/digest-history.component.js[0m
[1] [90m17.02.02 23:16:36[0m [32m200[0m [35mGET[0m [90m/app/component/digest/digest-user.component.js[0m
[1] [90m17.02.02 23:16:36[0m [32m200[0m [35mGET[0m [90m/app/component/digest/digest-organisation.component.js[0m
[1] [90m17.02.02 23:16:36[0m [32m200[0m [35mGET[0m [90m/app/component/digest/digest-request.component.js[0m
[1] [90m17.02.02 23:16:36[0m [32m200[0m [35mGET[0m [90m/app/component/ui/ui-line-chart.component.js[0m
[1] [90m17.02.02 23:16:36[0m [32m200[0m [35mGET[0m [90m/app/component/ui/ui-bar-chart.component.js[0m
[1] [90m17.02.02 23:16:36[0m [32m200[0m [35mGET[0m [90m/app/component/ui/ui-pie-chart.component.js[0m
[1] [90m17.02.02 23:16:37[0m [32m200[0m [35mGET[0m [90m/app/component/ui/ui-carousel.component.js[0m
[1] [90m17.02.02 23:16:37[0m [32m200[0m [35mGET[0m [90m/app/component/ui/ui-tag-block.component.js[0m
[1] [90m17.02.02 23:16:37[0m [32m200[0m [35mGET[0m [90m/app/component/digest/digest-person.component.js[0m
[1] [90m17.02.02 23:16:37[0m [32m200[0m [35mGET[0m [90m/app/pipe/format-date.pipe.js[0m
[1] [90m17.02.02 23:16:37[0m [32m200[0m [35mGET[0m [90m/app/component/ui/ui-tag.component.js[0m
[1] [90m17.02.02 23:16:37[0m [32m200[0m [35mGET[0m [90m/app/component/ui/ui-view-value.js[0m
[1] [90m17.02.02 23:16:37[0m [32m200[0m [35mGET[0m [90m/app/login-screen.component.js[0m
[1] [90m17.02.02 23:16:37[0m [32m200[0m [35mGET[0m [90m/app/component/ui/off-click.js[0m
[1] [90m17.02.02 23:16:37[0m [32m200[0m [35mGET[0m [90m/app/admin-page.component.js[0m
[1] [90m17.02.02 23:16:37[0m [32m200[0m [35mGET[0m [90m/app/main.component.js[0m
[1] [90m17.02.02 23:16:38[0m [32m200[0m [35mGET[0m [90m/app/component/tab/tab-person.component.js[0m
[1] [90m17.02.02 23:16:38[0m [32m200[0m [35mGET[0m [90m/node_modules/@angular/core/bundles/core.umd.js[0m
[1] [90m17.02.02 23:16:38[0m [32m200[0m [35mGET[0m [90m/node_modules/rxjs/Subject.js[0m
[1] [90m17.02.02 23:16:38[0m [32m200[0m [35mGET[0m [90m/node_modules/rxjs/Observable.js[0m
[1] [90m17.02.02 23:16:38[0m [32m200[0m [35mGET[0m [90m/node_modules/rxjs/operator/toPromise.js[0m
[1] [90m17.02.02 23:16:38[0m [32m200[0m [35mGET[0m [90m/node_modules/rxjs/observable/fromPromise.js[0m
[1] [90m17.02.02 23:16:39[0m [32m200[0m [35mGET[0m [90m/node_modules/rxjs/BehaviorSubject.js[0m
[1] [90m17.02.02 23:16:39[0m [32m200[0m [35mGET[0m [90m/node_modules/rxjs/observable/from.js[0m
[1] [90m17.02.02 23:16:39[0m [32m200[0m [35mGET[0m [90m/node_modules/rxjs/observable/of.js[0m
[1] [90m17.02.02 23:16:39[0m [32m200[0m [35mGET[0m [90m/node_modules/rxjs/operator/concatMap.js[0m
[1] [90m17.02.02 23:16:39[0m [32m200[0m [35mGET[0m [90m/node_modules/rxjs/operator/every.js[0m
[1] [90m17.02.02 23:16:39[0m [32m200[0m [35mGET[0m [90m/node_modules/rxjs/operator/first.js[0m
[1] [90m17.02.02 23:16:39[0m [32m200[0m [35mGET[0m [90m/node_modules/rxjs/operator/map.js[0m
[1] [90m17.02.02 23:16:39[0m [32m200[0m [35mGET[0m [90m/node_modules/rxjs/operator/mergeMap.js[0m
[1] [90m17.02.02 23:16:39[0m [32m200[0m [35mGET[0m [90m/node_modules/rxjs/operator/reduce.js[0m
[1] [90m17.02.02 23:16:39[0m [32m200[0m [35mGET[0m [90m/node_modules/rxjs/operator/catch.js[0m
[1] [90m17.02.02 23:16:39[0m [32m200[0m [35mGET[0m [90m/node_modules/rxjs/operator/concatAll.js[0m
[1] [90m17.02.02 23:16:39[0m [32m200[0m [35mGET[0m [90m/node_modules/rxjs/util/EmptyError.js[0m
[1] [90m17.02.02 23:16:39[0m [32m200[0m [35mGET[0m [90m/node_modules/rxjs/operator/last.js[0m
[1] [90m17.02.02 23:16:39[0m [32m200[0m [35mGET[0m [90m/node_modules/rxjs/operator/mergeAll.js[0m
[1] [90m17.02.02 23:16:39[0m [32m200[0m [35mGET[0m [90m/node_modules/rxjs/operator/filter.js[0m
[1] [90m17.02.02 23:16:39[0m [32m200[0m [35mGET[0m [90m/app/service/hub.service.js[0m
[1] [90m17.02.02 23:16:39[0m [32m200[0m [35mGET[0m [90m/app/service/request.service.js[0m
[1] [90m17.02.02 23:16:39[0m [32m200[0m [35mGET[0m [90m/app/service/config.service.js[0m
[1] [90m17.02.02 23:16:39[0m [32m200[0m [35mGET[0m [90m/app/service/person.service.js[0m
[1] [90m17.02.02 23:16:39[0m [32m200[0m [35mGET[0m [90m/app/service/user.service.js[0m
[1] [90m17.02.02 23:16:39[0m [32m200[0m [35mGET[0m [90m/app/service/offer.service.js[0m
[1] [90m17.02.02 23:16:39[0m [32m200[0m [35mGET[0m [90m/app/service/organisation.service.js[0m
[1] [90m17.02.02 23:16:39[0m [32m200[0m [35mGET[0m [90m/app/service/task.service.js[0m
[1] [90m17.02.02 23:16:39[0m [32m200[0m [35mGET[0m [90m/app/service/analysis.service.js[0m
[1] [90m17.02.02 23:16:39[0m [32m200[0m [35mGET[0m [90m/app/service/history.service.js[0m
[1] [90m17.02.02 23:16:39[0m [32m200[0m [35mGET[0m [90m/app/service/photo.service.js[0m
[1] [90m17.02.02 23:16:39[0m [32m200[0m [35mGET[0m [90m/app/service/account.service.js[0m
[1] [90m17.02.02 23:16:39[0m [32m200[0m [35mGET[0m [90m/app/service/session.service.js[0m
[1] [90m17.02.02 23:16:39[0m [32m200[0m [35mGET[0m [90m/app/class/tab.js[0m
[1] [90m17.02.02 23:16:39[0m [32m200[0m [35mGET[0m [90m/app/class/offer.js[0m
[1] [90m17.02.02 23:16:39[0m [32m200[0m [35mGET[0m [90m/app/class/person.js[0m
[1] [90m17.02.02 23:16:39[0m [32m200[0m [35mGET[0m [90m/app/class/request.js[0m
[1] [90m17.02.02 23:16:39[0m [32m200[0m [35mGET[0m [90m/app/class/organisation.js[0m
[1] [90m17.02.02 23:16:39[0m [32m200[0m [35mGET[0m [90m/app/class/user.js[0m
[1] [90m17.02.02 23:16:39[0m [32m200[0m [35mGET[0m [90m/app/class/concavehull.js[0m
[1] [90m17.02.02 23:16:39[0m [32m200[0m [35mGET[0m [90m/app/class/task.js[0m
[1] [90m17.02.02 23:16:39[0m [32m200[0m [35mGET[0m [90m/app/class/account.js[0m
[1] [90m17.02.02 23:16:40[0m [32m200[0m [35mGET[0m [90m/node_modules/rxjs/Subscriber.js[0m
[1] [90m17.02.02 23:16:40[0m [32m200[0m [35mGET[0m [90m/node_modules/rxjs/Subscription.js[0m
[1] [90m17.02.02 23:16:40[0m [32m200[0m [35mGET[0m [90m/node_modules/rxjs/util/ObjectUnsubscribedError.js[0m
[1] [90m17.02.02 23:16:40[0m [32m200[0m [35mGET[0m [90m/node_modules/rxjs/SubjectSubscription.js[0m
[1] [90m17.02.02 23:16:40[0m [32m200[0m [35mGET[0m [90m/node_modules/rxjs/symbol/rxSubscriber.js[0m
[1] [90m17.02.02 23:16:40[0m [32m200[0m [35mGET[0m [90m/node_modules/rxjs/util/root.js[0m
[1] [90m17.02.02 23:16:40[0m [32m200[0m [35mGET[0m [90m/node_modules/moment/moment.js[0m
[1] [90m17.02.02 23:16:40[0m [32m200[0m [35mGET[0m [90m/node_modules/rxjs/util/toSubscriber.js[0m
[1] [90m17.02.02 23:16:40[0m [32m200[0m [35mGET[0m [90m/node_modules/rxjs/symbol/observable.js[0m
[1] [90m17.02.02 23:16:40[0m [32m200[0m [35mGET[0m [90m/node_modules/rxjs/observable/PromiseObservable.js[0m
[1] [90m17.02.02 23:16:40[0m [32m200[0m [35mGET[0m [90m/node_modules/rxjs/AsyncSubject.js[0m
[1] [90m17.02.02 23:16:40[0m [32m200[0m [35mGET[0m [90m/node_modules/rxjs/add/operator/map.js[0m
[1] [90m17.02.02 23:16:40[0m [32m200[0m [35mGET[0m [90m/node_modules/rxjs/util/isFunction.js[0m
[1] [90m17.02.02 23:16:40[0m [32m200[0m [35mGET[0m [90m/node_modules/rxjs/Observer.js[0m
[1] [90m17.02.02 23:16:40[0m [32m200[0m [35mGET[0m [90m/node_modules/rxjs/util/isArray.js[0m
[1] [90m17.02.02 23:16:40[0m [32m200[0m [35mGET[0m [90m/node_modules/rxjs/util/isObject.js[0m
[1] [90m17.02.02 23:16:40[0m [32m200[0m [35mGET[0m [90m/node_modules/rxjs/util/tryCatch.js[0m
[1] [90m17.02.02 23:16:40[0m [32m200[0m [35mGET[0m [90m/node_modules/rxjs/util/errorObject.js[0m
[1] [90m17.02.02 23:16:40[0m [32m200[0m [35mGET[0m [90m/node_modules/rxjs/util/UnsubscriptionError.js[0m
[1] [90m17.02.02 23:16:40[0m [32m200[0m [35mGET[0m [90m/node_modules/@angular/common/bundles/common.umd.js[0m
[1] [90m17.02.02 23:16:40[0m [32m200[0m [35mGET[0m [90m/node_modules/rxjs/observable/FromObservable.js[0m
[1] [90m17.02.02 23:16:40[0m [32m200[0m [35mGET[0m [90m/node_modules/rxjs/observable/ArrayObservable.js[0m
[1] [90m17.02.02 23:16:40[0m [32m200[0m [35mGET[0m [90m/node_modules/rxjs/util/subscribeToResult.js[0m
[1] [90m17.02.02 23:16:40[0m [32m200[0m [35mGET[0m [90m/node_modules/rxjs/OuterSubscriber.js[0m
[1] [90m17.02.02 23:16:40[0m [32m200[0m [35mGET[0m [90m/node_modules/rxjs/util/isPromise.js[0m
[1] [90m17.02.02 23:16:40[0m [32m200[0m [35mGET[0m [90m/node_modules/rxjs/observable/IteratorObservable.js[0m
[1] [90m17.02.02 23:16:40[0m [32m200[0m [35mGET[0m [90m/node_modules/rxjs/observable/ArrayLikeObservable.js[0m
[1] [90m17.02.02 23:16:40[0m [32m200[0m [35mGET[0m [90m/node_modules/rxjs/symbol/iterator.js[0m
[1] [90m17.02.02 23:16:40[0m [32m200[0m [35mGET[0m [90m/node_modules/rxjs/operator/observeOn.js[0m
[1] [90m17.02.02 23:16:41[0m [32m200[0m [35mGET[0m [90m/node_modules/rxjs/observable/ScalarObservable.js[0m
[1] [90m17.02.02 23:16:41[0m [32m200[0m [35mGET[0m [90m/node_modules/rxjs/observable/EmptyObservable.js[0m
[1] [90m17.02.02 23:16:41[0m [32m200[0m [35mGET[0m [90m/node_modules/rxjs/util/isScheduler.js[0m
[1] [90m17.02.02 23:16:41[0m [32m200[0m [35mGET[0m [90m/node_modules/rxjs/InnerSubscriber.js[0m
[1] [90m17.02.02 23:16:41[0m [32m200[0m [35mGET[0m [90m/node_modules/rxjs/Notification.js[0m
[1] [90m17.02.02 23:16:42[0m [32m200[0m [35mGET[0m [90m/node_modules/@angular/compiler/bundles/compiler.umd.js[0m
[1] [90m17.02.02 23:16:44[0m [32m200[0m [35mGET[0m [90m/app/main.js.map[0m
[1] [90m17.02.02 23:16:44[0m [32m200[0m [35mGET[0m [90m/node_modules/rxjs/Subject.js.map[0m
[1] [90m17.02.02 23:16:44[0m [32m200[0m [35mGET[0m [90m/node_modules/rxjs/Observable.js.map[0m
[1] [90m17.02.02 23:16:44[0m [32m200[0m [35mGET[0m [90m/node_modules/rxjs/util/root.js.map[0m
[1] [90m17.02.02 23:16:44[0m [32m200[0m [35mGET[0m [90m/node_modules/rxjs/util/toSubscriber.js.map[0m
[1] [90m17.02.02 23:16:44[0m [32m200[0m [35mGET[0m [90m/node_modules/rxjs/Subscriber.js.map[0m
[1] [90m17.02.02 23:16:44[0m [32m200[0m [35mGET[0m [90m/node_modules/rxjs/util/isFunction.js.map[0m
[1] [90m17.02.02 23:16:44[0m [32m200[0m [35mGET[0m [90m/node_modules/rxjs/Subscription.js.map[0m
[1] [90m17.02.02 23:16:44[0m [32m200[0m [35mGET[0m [90m/res/font/segmdl2.ttf[0m
[1] [90m17.02.02 23:16:44[0m [32m200[0m [35mGET[0m [90m/node_modules/rxjs/util/isArray.js.map[0m
[1] [90m17.02.02 23:16:44[0m [32m200[0m [35mGET[0m [90m/node_modules/rxjs/util/isObject.js.map[0m
[1] [90m17.02.02 23:16:44[0m [32m200[0m [35mGET[0m [90m/node_modules/rxjs/util/tryCatch.js.map[0m
[1] [90m17.02.02 23:16:44[0m [32m200[0m [35mGET[0m [90m/node_modules/rxjs/util/errorObject.js.map[0m
[1] [90m17.02.02 23:16:44[0m [32m200[0m [35mGET[0m [90m/node_modules/rxjs/util/UnsubscriptionError.js.map[0m
[1] [90m17.02.02 23:16:44[0m [32m200[0m [35mGET[0m [90m/node_modules/rxjs/Observer.js.map[0m
[1] [90m17.02.02 23:16:44[0m [32m200[0m [35mGET[0m [90m/node_modules/rxjs/symbol/rxSubscriber.js.map[0m
[1] [90m17.02.02 23:16:44[0m [32m200[0m [35mGET[0m [90m/node_modules/rxjs/symbol/observable.js.map[0m
[1] [90m17.02.02 23:16:44[0m [32m200[0m [35mGET[0m [90m/node_modules/rxjs/util/ObjectUnsubscribedError.js.map[0m
[1] [90m17.02.02 23:16:44[0m [32m200[0m [35mGET[0m [90m/node_modules/rxjs/SubjectSubscription.js.map[0m
[1] [90m17.02.02 23:16:44[0m [32m200[0m [35mGET[0m [90m/app/app.module.js.map[0m
[1] [90m17.02.02 23:16:44[0m [32m200[0m [35mGET[0m [90m/node_modules/rxjs/operator/toPromise.js.map[0m
[1] [90m17.02.02 23:16:44[0m [32m200[0m [35mGET[0m [90m/node_modules/rxjs/observable/fromPromise.js.map[0m
[1] [90m17.02.02 23:16:44[0m [32m200[0m [35mGET[0m [90m/node_modules/rxjs/observable/PromiseObservable.js.map[0m
[1] [90m17.02.02 23:16:44[0m [32m200[0m [35mGET[0m [90m/node_modules/rxjs/BehaviorSubject.js.map[0m
[1] [90m17.02.02 23:16:44[0m [32m200[0m [35mGET[0m [90m/node_modules/rxjs/observable/from.js.map[0m
[1] [90m17.02.02 23:16:44[0m [32m200[0m [35mGET[0m [90m/node_modules/rxjs/observable/FromObservable.js.map[0m
[1] [90m17.02.02 23:16:44[0m [32m200[0m [35mGET[0m [90m/node_modules/rxjs/util/isPromise.js.map[0m
[1] [90m17.02.02 23:16:44[0m [32m200[0m [35mGET[0m [90m/node_modules/rxjs/observable/IteratorObservable.js.map[0m
[1] [90m17.02.02 23:16:45[0m [32m200[0m [35mGET[0m [90m/node_modules/rxjs/symbol/iterator.js.map[0m
[1] [90m17.02.02 23:16:45[0m [32m200[0m [35mGET[0m [90m/node_modules/rxjs/observable/ArrayObservable.js.map[0m
[1] [90m17.02.02 23:16:45[0m [32m200[0m [35mGET[0m [90m/node_modules/rxjs/observable/ScalarObservable.js.map[0m
[1] [90m17.02.02 23:16:45[0m [32m200[0m [35mGET[0m [90m/node_modules/rxjs/observable/EmptyObservable.js.map[0m
[1] [90m17.02.02 23:16:45[0m [32m200[0m [35mGET[0m [90m/node_modules/rxjs/util/isScheduler.js.map[0m
[1] [90m17.02.02 23:16:45[0m [32m200[0m [35mGET[0m [90m/node_modules/rxjs/observable/ArrayLikeObservable.js.map[0m
[1] [90m17.02.02 23:16:45[0m [32m200[0m [35mGET[0m [90m/node_modules/rxjs/operator/observeOn.js.map[0m
[1] [90m17.02.02 23:16:45[0m [32m200[0m [35mGET[0m [90m/node_modules/rxjs/Notification.js.map[0m
[1] [90m17.02.02 23:16:45[0m [32m200[0m [35mGET[0m [90m/node_modules/rxjs/observable/of.js.map[0m
[1] [90m17.02.02 23:16:45[0m [32m200[0m [35mGET[0m [90m/node_modules/rxjs/operator/concatMap.js.map[0m
[1] [90m17.02.02 23:16:45[0m [32m200[0m [35mGET[0m [90m/node_modules/rxjs/operator/mergeMap.js.map[0m
[1] [90m17.02.02 23:16:45[0m [32m200[0m [35mGET[0m [90m/node_modules/rxjs/util/subscribeToResult.js.map[0m
[1] [90m17.02.02 23:16:45[0m [32m200[0m [35mGET[0m [90m/node_modules/rxjs/InnerSubscriber.js.map[0m
[1] [90m17.02.02 23:16:45[0m [32m200[0m [35mGET[0m [90m/node_modules/rxjs/OuterSubscriber.js.map[0m
[1] [90m17.02.02 23:16:45[0m [32m200[0m [35mGET[0m [90m/node_modules/rxjs/operator/every.js.map[0m
[1] [90m17.02.02 23:16:45[0m [32m200[0m [35mGET[0m [90m/node_modules/rxjs/operator/first.js.map[0m
[1] [90m17.02.02 23:16:45[0m [32m200[0m [35mGET[0m [90m/node_modules/rxjs/util/EmptyError.js.map[0m
[1] [90m17.02.02 23:16:45[0m [32m200[0m [35mGET[0m [90m/node_modules/rxjs/operator/map.js.map[0m
[1] [90m17.02.02 23:16:45[0m [32m200[0m [35mGET[0m [90m/node_modules/rxjs/operator/reduce.js.map[0m
[1] [90m17.02.02 23:16:45[0m [32m200[0m [35mGET[0m [90m/node_modules/rxjs/operator/catch.js.map[0m
[1] [90m17.02.02 23:16:45[0m [32m200[0m [35mGET[0m [90m/node_modules/rxjs/operator/concatAll.js.map[0m
[1] [90m17.02.02 23:16:45[0m [32m200[0m [35mGET[0m [90m/node_modules/rxjs/operator/mergeAll.js.map[0m
[1] [90m17.02.02 23:16:45[0m [32m200[0m [35mGET[0m [90m/node_modules/rxjs/operator/last.js.map[0m
[1] [90m17.02.02 23:16:45[0m [32m200[0m [35mGET[0m [90m/node_modules/rxjs/operator/filter.js.map[0m
[1] [90m17.02.02 23:16:45[0m [32m200[0m [35mGET[0m [90m/app/app.component.js.map[0m
[1] [90m17.02.02 23:16:45[0m [32m200[0m [35mGET[0m [90m/app/service/hub.service.js.map[0m
[1] [90m17.02.02 23:16:45[0m [32m200[0m [35mGET[0m [90m/app/service/request.service.js.map[0m
[1] [90m17.02.02 23:16:45[0m [32m200[0m [35mGET[0m [90m/app/service/config.service.js.map[0m
[1] [90m17.02.02 23:16:45[0m [32m200[0m [35mGET[0m [90m/node_modules/rxjs/AsyncSubject.js.map[0m
[1] [90m17.02.02 23:16:45[0m [32m200[0m [35mGET[0m [90m/app/service/session.service.js.map[0m
[1] [90m17.02.02 23:16:45[0m [32m200[0m [35mGET[0m [90m/app/class/user.js.map[0m
[1] [90m17.02.02 23:16:45[0m [32m200[0m [35mGET[0m [90m/app/service/person.service.js.map[0m
[1] [90m17.02.02 23:16:45[0m [32m200[0m [35mGET[0m [90m/node_modules/rxjs/add/operator/map.js.map[0m
[1] [90m17.02.02 23:16:45[0m [32m200[0m [35mGET[0m [90m/app/service/user.service.js.map[0m
[1] [90m17.02.02 23:16:45[0m [32m200[0m [35mGET[0m [90m/app/service/offer.service.js.map[0m
[1] [90m17.02.02 23:16:45[0m [32m200[0m [35mGET[0m [90m/app/service/organisation.service.js.map[0m
[1] [90m17.02.02 23:16:45[0m [32m200[0m [35mGET[0m [90m/app/service/task.service.js.map[0m
[1] [90m17.02.02 23:16:45[0m [32m200[0m [35mGET[0m [90m/app/class/task.js.map[0m
[1] [90m17.02.02 23:16:45[0m [32m200[0m [35mGET[0m [90m/app/service/analysis.service.js.map[0m
[1] [90m17.02.02 23:16:45[0m [32m200[0m [35mGET[0m [90m/app/service/history.service.js.map[0m
[1] [90m17.02.02 23:16:45[0m [32m200[0m [35mGET[0m [90m/app/service/photo.service.js.map[0m
[1] [90m17.02.02 23:16:45[0m [32m200[0m [35mGET[0m [90m/app/service/account.service.js.map[0m
[1] [90m17.02.02 23:16:45[0m [32m200[0m [35mGET[0m [90m/app/component/context-menu.component.js.map[0m
[1] [90m17.02.02 23:16:45[0m [32m200[0m [35mGET[0m [90m/app/component/notebook.component.js.map[0m
[1] [90m17.02.02 23:16:45[0m [32m200[0m [35mGET[0m [90m/app/component/notebook/notebook-task.component.js.map[0m
[1] [90m17.02.02 23:16:45[0m [32m200[0m [35mGET[0m [90m/app/component/notebook/almanac.component.js.map[0m
[1] [90m17.02.02 23:16:45[0m [32m200[0m [35mGET[0m [90m/app/component/tab-system.component.js.map[0m
[1] [90m17.02.02 23:16:45[0m [32m200[0m [35mGET[0m [90m/app/component/tab/tab-root.component.js.map[0m
[1] [90m17.02.02 23:16:45[0m [32m200[0m [35mGET[0m [90m/app/class/tab.js.map[0m
[1] [90m17.02.02 23:16:45[0m [32m200[0m [35mGET[0m [90m/app/component/tab/tab-main.component.js.map[0m
[1] [90m17.02.02 23:16:45[0m [32m200[0m [35mGET[0m [90m/app/component/tab/tab-list-offer.component.js.map[0m
[1] [90m17.02.02 23:16:45[0m [32m200[0m [35mGET[0m [90m/app/class/offer.js.map[0m
[1] [90m17.02.02 23:16:45[0m [32m200[0m [35mGET[0m [90m/app/component/tab/tab-offer.component.js.map[0m
[1] [90m17.02.02 23:16:45[0m [32m200[0m [35mGET[0m [90m/app/component/tab/tab-list-person.component.js.map[0m
[1] [90m17.02.02 23:16:45[0m [32m200[0m [35mGET[0m [90m/app/class/person.js.map[0m
[1] [90m17.02.02 23:16:45[0m [32m200[0m [35mGET[0m [90m/app/component/tab/tab-person.component.js.map[0m
[1] [90m17.02.02 23:16:45[0m [32m200[0m [35mGET[0m [90m/app/class/request.js.map[0m
[1] [90m17.02.02 23:16:45[0m [32m200[0m [35mGET[0m [90m/app/component/tab/tab-list-organisation.component.js.map[0m
[1] [90m17.02.02 23:16:45[0m [32m200[0m [35mGET[0m [90m/app/class/organisation.js.map[0m
[1] [90m17.02.02 23:16:45[0m [32m200[0m [35mGET[0m [90m/app/component/tab/tab-organisation.component.js.map[0m
[1] [90m17.02.02 23:16:45[0m [32m200[0m [35mGET[0m [90m/app/component/tab/tab-list-request.component.js.map[0m
[1] [90m17.02.02 23:16:45[0m [32m200[0m [35mGET[0m [90m/app/component/tab/tab-request.component.js.map[0m
[1] [90m17.02.02 23:16:45[0m [32m200[0m [35mGET[0m [90m/app/component/tab/tab-list-user.component.js.map[0m
[1] [90m17.02.02 23:16:45[0m [32m200[0m [35mGET[0m [90m/app/component/tab/tab-user.component.js.map[0m
[1] [90m17.02.02 23:16:45[0m [32m200[0m [35mGET[0m [90m/app/component/ui/ui-select.component.js.map[0m
[1] [90m17.02.02 23:16:45[0m [32m200[0m [35mGET[0m [90m/app/component/offer-table.component.js.map[0m
[1] [90m17.02.02 23:16:45[0m [32m200[0m [35mGET[0m [90m/app/component/digest/digest-offer.component.js.map[0m
[1] [90m17.02.02 23:16:46[0m [32m200[0m [35mGET[0m [90m/app/component/google-map.component.js.map[0m
[1] [90m17.02.02 23:16:46[0m [32m200[0m [35mGET[0m [90m/app/component/ui/ui-tabs.component.js.map[0m
[1] [90m17.02.02 23:16:46[0m [32m200[0m [35mGET[0m [90m/app/class/concavehull.js.map[0m
[1] [90m17.02.02 23:16:46[0m [32m200[0m [35mGET[0m [90m/app/component/ui/ui-tab.component.js.map[0m
[1] [90m17.02.02 23:16:46[0m [32m200[0m [35mGET[0m [90m/app/component/digest/digest-history.component.js.map[0m
[1] [90m17.02.02 23:16:46[0m [32m200[0m [35mGET[0m [90m/app/component/digest/digest-user.component.js.map[0m
[1] [90m17.02.02 23:16:46[0m [32m200[0m [35mGET[0m [90m/app/component/digest/digest-organisation.component.js.map[0m
[1] [90m17.02.02 23:16:46[0m [32m200[0m [35mGET[0m [90m/app/component/digest/digest-request.component.js.map[0m
[1] [90m17.02.02 23:16:46[0m [32m200[0m [35mGET[0m [90m/app/component/ui/ui-line-chart.component.js.map[0m
[1] [90m17.02.02 23:16:46[0m [32m200[0m [35mGET[0m [90m/app/component/ui/ui-bar-chart.component.js.map[0m
[1] [90m17.02.02 23:16:46[0m [32m200[0m [35mGET[0m [90m/app/component/ui/ui-pie-chart.component.js.map[0m
[1] [90m17.02.02 23:16:46[0m [32m200[0m [35mGET[0m [90m/app/component/ui/ui-carousel.component.js.map[0m
[1] [90m17.02.02 23:16:46[0m [32m200[0m [35mGET[0m [90m/app/component/ui/ui-tag-block.component.js.map[0m
[1] [90m17.02.02 23:16:46[0m [32m200[0m [35mGET[0m [90m/app/component/digest/digest-person.component.js.map[0m
[1] [90m17.02.02 23:16:46[0m [32m200[0m [35mGET[0m [90m/app/pipe/format-date.pipe.js.map[0m
[1] [90m17.02.02 23:16:46[0m [32m200[0m [35mGET[0m [90m/app/component/ui/ui-tag.component.js.map[0m
[1] [90m17.02.02 23:16:46[0m [32m200[0m [35mGET[0m [90m/app/component/ui/ui-view-value.js.map[0m
[1] [90m17.02.02 23:16:46[0m [32m200[0m [35mGET[0m [90m/app/component/ui/off-click.js.map[0m
[1] [90m17.02.02 23:16:46[0m [32m200[0m [35mGET[0m [90m/app/login-screen.component.js.map[0m
[1] [90m17.02.02 23:16:46[0m [32m200[0m [35mGET[0m [90m/app/admin-page.component.js.map[0m
[1] [90m17.02.02 23:16:46[0m [32m200[0m [35mGET[0m [90m/app/class/account.js.map[0m
[1] [90m17.02.02 23:16:46[0m [32m200[0m [35mGET[0m [90m/app/main.component.js.map[0m
